<?xml version="1.0" encoding="UTF-8"?>
<!-- Generated by org.testng.reporters.JUnitReportReporter -->
<testsuite ignored="0" hostname="LAPTOP-HS0K1IH3" failures="0" tests="1" name="pruebang.seltest" time="5.248" errors="0" timestamp="20 abr. 2024 16:47:21 GMT" skipped="0">
  <testcase classname="pruebang.seltest" name="test01" time="5.248"/>
</testsuite> <!-- pruebang.seltest -->
